<html>
<head>
<title>TestNG:  Functional Test</title>
<link href="../testng.css" rel="stylesheet" type="text/css" />
<link href="../my-testng.css" rel="stylesheet" type="text/css" />

<style type="text/css">
.log { display: none;} 
.stack-trace { display: none;} 
</style>
<script type="text/javascript">
<!--
function flip(e) {
  current = e.style.display;
  if (current == 'block') {
    e.style.display = 'none';
    return 0;
  }
  else {
    e.style.display = 'block';
    return 1;
  }
}

function toggleBox(szDivId, elem, msg1, msg2)
{
  var res = -1;  if (document.getElementById) {
    res = flip(document.getElementById(szDivId));
  }
  else if (document.all) {
    // this is the way old msie versions work
    res = flip(document.all[szDivId]);
  }
  if(elem) {
    if(res == 0) elem.innerHTML = msg1; else elem.innerHTML = msg2;
  }

}

function toggleAllBoxes() {
  if (document.getElementsByTagName) {
    d = document.getElementsByTagName('div');
    for (i = 0; i < d.length; i++) {
      if (d[i].className == 'log') {
        flip(d[i]);
      }
    }
  }
}

// -->
</script>

</head>
<body>
<h2 align='center'>Functional Test</h2><table border='1' align="center">
<tr>
<td>Tests passed/Failed/Skipped:</td><td>4/1/0</td>
</tr><tr>
<td>Started on:</td><td>Wed Sep 22 17:37:35 IST 2021</td>
</tr>
<tr><td>Total time:</td><td>388 seconds (388448 ms)</td>
</tr><tr>
<td>Included groups:</td><td></td>
</tr><tr>
<td>Excluded groups:</td><td></td>
</tr>
</table><p/>
<small><i>(Hover the method name to see the test class name)</i></small><p/>
<table width='100%' border='1' class='invocation-failed'>
<tr><td colspan='4' align='center'><b>FAILED TESTS</b></td></tr>
<tr><td><b>Test method</b></td>
<td width="30%"><b>Exception</b></td>
<td width="10%"><b>Time (seconds)</b></td>
<td><b>Instance</b></td>
</tr>
<tr>
<td title='com.qa.testscript.TC_FlightsModule_001.searchFlight()'><b>searchFlight</b><br>Test class: com.qa.testscript.TC_FlightsModule_001<br>Parameters: Mumbai, Delhi, B, 1.0, Mr, Mano Prajith , R, manoprajith@rediffmail.com, 8.760065582E9</td>
<td><div><pre>org.openqa.selenium.NoSuchElementException: no such element: Unable to locate element: {&quot;method&quot;:&quot;xpath&quot;,&quot;selector&quot;:&quot;//span[text()=&apos;Vistara&apos;]/preceding-sibling::span[@class=&apos;alignItemsCenter dF padT5&apos;]/parent::span[@class=&apos;flexCol padL5&apos;]/parent::div[@class=&apos;dF justifyBetween flex1 alignItemsCenter&apos;]&quot;}
  (Session info: chrome=93.0.4577.82)
For documentation on this error, please visit: https://www.seleniumhq.org/exceptions/no_such_element.html
Build info: version: &apos;3.141.59&apos;, revision: &apos;e82be7d358&apos;, time: &apos;2018-11-14T08:17:03&apos;
System info: host: &apos;JARVIS-SKYNET&apos;, ip: &apos;192.168.1.104&apos;, os.name: &apos;Windows 10&apos;, os.arch: &apos;amd64&apos;, os.version: &apos;10.0&apos;, java.version: &apos;16.0.2&apos;
Driver info: org.openqa.selenium.chrome.ChromeDriver
Capabilities {acceptInsecureCerts: false, browserName: chrome, browserVersion: 93.0.4577.82, chrome: {chromedriverVersion: 93.0.4577.63 (ff5c0da2ec0ad..., userDataDir: C:\Users\CHITTURI\AppData\L...}, goog:chromeOptions: {debuggerAddress: localhost:52854}, javascriptEnabled: true, networkConnectionEnabled: false, pageLoadStrategy: normal, platform: WINDOWS, platformName: WINDOWS, proxy: Proxy(), setWindowRect: true, strictFileInteractability: false, timeouts: {implicit: 0, pageLoad: 300000, script: 30000}, unhandledPromptBehavior: dismiss and notify, webauthn:extension:credBlob: true, webauthn:extension:largeBlob: true, webauthn:virtualAuthenticators: true}
Session ID: 7e7825b8a8c9d18bdbe8438837ae272d
*** Element info: {Using=xpath, value=//span[text()=&apos;Vistara&apos;]/preceding-sibling::span[@class=&apos;alignItemsCenter dF padT5&apos;]/parent::span[@class=&apos;flexCol padL5&apos;]/parent::div[@class=&apos;dF justifyBetween flex1 alignItemsCenter&apos;]}
	at org.openqa.selenium.remote.http.W3CHttpResponseCodec.createException(W3CHttpResponseCodec.java:187)
	at org.openqa.selenium.remote.http.W3CHttpResponseCodec.decode(W3CHttpResponseCodec.java:122)
	at org.openqa.selenium.remote.http.W3CHttpResponseCodec.decode(W3CHttpResponseCodec.java:49)
	at org.openqa.selenium.remote.HttpCommandExecutor.execute(HttpCommandExecutor.java:158)
	at org.openqa.selenium.remote.service.DriverCommandExecutor.execute(DriverCommandExecutor.java:83)
	at org.openqa.selenium.remote.RemoteWebDriver.execute(RemoteWebDriver.java:552)
	at org.openqa.selenium.remote.RemoteWebDriver.findElement(RemoteWebDriver.java:323)
	at org.openqa.selenium.remote.RemoteWebDriver.findElementByXPath(RemoteWebDriver.java:428)
	at org.openqa.selenium.By$ByXPath.findElement(By.java:353)
	at org.openqa.selenium.remote.RemoteWebDriver.findElement(RemoteWebDriver.java:315)
	at org.openqa.selenium.support.pagefactory.DefaultElementLocator.findElement(DefaultElementLocator.java:69)
	at org.openqa.selenium.support.pagefactory.internal.LocatingElementHandler.invoke(LocatingElementHandler.java:38)
	at jdk.proxy2/jdk.proxy2.$Proxy11.isDisplayed(Unknown Source)
	at com.qa.testscript.TC_FlightsModule_001.searchFlight(TC_FlightsModule_001.java:83)
	at java.base/java.util.ArrayList.forEach(ArrayList.java:1511)
... Removed 36 stack frames</pre></div><a href='#' onClick='toggleBox("stack-trace176320504", this, "Click to show all stack frames", "Click to hide stack frames")'>Click to show all stack frames</a>
<div class='stack-trace' id='stack-trace176320504'><pre>org.openqa.selenium.NoSuchElementException: no such element: Unable to locate element: {&quot;method&quot;:&quot;xpath&quot;,&quot;selector&quot;:&quot;//span[text()=&apos;Vistara&apos;]/preceding-sibling::span[@class=&apos;alignItemsCenter dF padT5&apos;]/parent::span[@class=&apos;flexCol padL5&apos;]/parent::div[@class=&apos;dF justifyBetween flex1 alignItemsCenter&apos;]&quot;}
  (Session info: chrome=93.0.4577.82)
For documentation on this error, please visit: https://www.seleniumhq.org/exceptions/no_such_element.html
Build info: version: &apos;3.141.59&apos;, revision: &apos;e82be7d358&apos;, time: &apos;2018-11-14T08:17:03&apos;
System info: host: &apos;JARVIS-SKYNET&apos;, ip: &apos;192.168.1.104&apos;, os.name: &apos;Windows 10&apos;, os.arch: &apos;amd64&apos;, os.version: &apos;10.0&apos;, java.version: &apos;16.0.2&apos;
Driver info: org.openqa.selenium.chrome.ChromeDriver
Capabilities {acceptInsecureCerts: false, browserName: chrome, browserVersion: 93.0.4577.82, chrome: {chromedriverVersion: 93.0.4577.63 (ff5c0da2ec0ad..., userDataDir: C:\Users\CHITTURI\AppData\L...}, goog:chromeOptions: {debuggerAddress: localhost:52854}, javascriptEnabled: true, networkConnectionEnabled: false, pageLoadStrategy: normal, platform: WINDOWS, platformName: WINDOWS, proxy: Proxy(), setWindowRect: true, strictFileInteractability: false, timeouts: {implicit: 0, pageLoad: 300000, script: 30000}, unhandledPromptBehavior: dismiss and notify, webauthn:extension:credBlob: true, webauthn:extension:largeBlob: true, webauthn:virtualAuthenticators: true}
Session ID: 7e7825b8a8c9d18bdbe8438837ae272d
*** Element info: {Using=xpath, value=//span[text()=&apos;Vistara&apos;]/preceding-sibling::span[@class=&apos;alignItemsCenter dF padT5&apos;]/parent::span[@class=&apos;flexCol padL5&apos;]/parent::div[@class=&apos;dF justifyBetween flex1 alignItemsCenter&apos;]}
	at java.base/jdk.internal.reflect.NativeConstructorAccessorImpl.newInstance0(Native Method)
	at java.base/jdk.internal.reflect.NativeConstructorAccessorImpl.newInstance(NativeConstructorAccessorImpl.java:78)
	at java.base/jdk.internal.reflect.DelegatingConstructorAccessorImpl.newInstance(DelegatingConstructorAccessorImpl.java:45)
	at java.base/java.lang.reflect.Constructor.newInstanceWithCaller(Constructor.java:499)
	at java.base/java.lang.reflect.Constructor.newInstance(Constructor.java:480)
	at org.openqa.selenium.remote.http.W3CHttpResponseCodec.createException(W3CHttpResponseCodec.java:187)
	at org.openqa.selenium.remote.http.W3CHttpResponseCodec.decode(W3CHttpResponseCodec.java:122)
	at org.openqa.selenium.remote.http.W3CHttpResponseCodec.decode(W3CHttpResponseCodec.java:49)
	at org.openqa.selenium.remote.HttpCommandExecutor.execute(HttpCommandExecutor.java:158)
	at org.openqa.selenium.remote.service.DriverCommandExecutor.execute(DriverCommandExecutor.java:83)
	at org.openqa.selenium.remote.RemoteWebDriver.execute(RemoteWebDriver.java:552)
	at org.openqa.selenium.remote.RemoteWebDriver.findElement(RemoteWebDriver.java:323)
	at org.openqa.selenium.remote.RemoteWebDriver.findElementByXPath(RemoteWebDriver.java:428)
	at org.openqa.selenium.By$ByXPath.findElement(By.java:353)
	at org.openqa.selenium.remote.RemoteWebDriver.findElement(RemoteWebDriver.java:315)
	at org.openqa.selenium.support.pagefactory.DefaultElementLocator.findElement(DefaultElementLocator.java:69)
	at org.openqa.selenium.support.pagefactory.internal.LocatingElementHandler.invoke(LocatingElementHandler.java:38)
	at jdk.proxy2/jdk.proxy2.$Proxy11.isDisplayed(Unknown Source)
	at com.qa.testscript.TC_FlightsModule_001.searchFlight(TC_FlightsModule_001.java:83)
	at java.base/jdk.internal.reflect.NativeMethodAccessorImpl.invoke0(Native Method)
	at java.base/jdk.internal.reflect.NativeMethodAccessorImpl.invoke(NativeMethodAccessorImpl.java:78)
	at java.base/jdk.internal.reflect.DelegatingMethodAccessorImpl.invoke(DelegatingMethodAccessorImpl.java:43)
	at java.base/java.lang.reflect.Method.invoke(Method.java:567)
	at org.testng.internal.MethodInvocationHelper.invokeMethod(MethodInvocationHelper.java:132)
	at org.testng.internal.TestInvoker.invokeMethod(TestInvoker.java:599)
	at org.testng.internal.TestInvoker.invokeTestMethod(TestInvoker.java:174)
	at org.testng.internal.MethodRunner.runInSequence(MethodRunner.java:46)
	at org.testng.internal.TestInvoker$MethodInvocationAgent.invoke(TestInvoker.java:822)
	at org.testng.internal.TestInvoker.invokeTestMethods(TestInvoker.java:147)
	at org.testng.internal.TestMethodWorker.invokeTestMethods(TestMethodWorker.java:146)
	at org.testng.internal.TestMethodWorker.run(TestMethodWorker.java:128)
	at java.base/java.util.ArrayList.forEach(ArrayList.java:1511)
	at org.testng.TestRunner.privateRun(TestRunner.java:764)
	at org.testng.TestRunner.run(TestRunner.java:585)
	at org.testng.SuiteRunner.runTest(SuiteRunner.java:384)
	at org.testng.SuiteRunner.runSequentially(SuiteRunner.java:378)
	at org.testng.SuiteRunner.privateRun(SuiteRunner.java:337)
	at org.testng.SuiteRunner.run(SuiteRunner.java:286)
	at org.testng.SuiteRunnerWorker.runSuite(SuiteRunnerWorker.java:53)
	at org.testng.SuiteRunnerWorker.run(SuiteRunnerWorker.java:96)
	at org.testng.TestNG.runSuitesSequentially(TestNG.java:1218)
	at org.testng.TestNG.runSuitesLocally(TestNG.java:1140)
	at org.testng.TestNG.runSuites(TestNG.java:1069)
	at org.testng.TestNG.run(TestNG.java:1037)
	at org.apache.maven.surefire.testng.TestNGExecutor.run(TestNGExecutor.java:283)
	at org.apache.maven.surefire.testng.TestNGXmlTestSuite.execute(TestNGXmlTestSuite.java:75)
	at org.apache.maven.surefire.testng.TestNGProvider.invoke(TestNGProvider.java:120)
	at org.apache.maven.surefire.booter.ForkedBooter.invokeProviderInSameClassLoader(ForkedBooter.java:384)
	at org.apache.maven.surefire.booter.ForkedBooter.runSuitesInProcess(ForkedBooter.java:345)
	at org.apache.maven.surefire.booter.ForkedBooter.execute(ForkedBooter.java:126)
	at org.apache.maven.surefire.booter.ForkedBooter.main(ForkedBooter.java:418)
</pre></div></td>
<td>57</td>
<td>com.qa.testscript.TC_FlightsModule_001@65b3f4a4</td></tr>
</table><p>
<table width='100%' border='1' class='invocation-passed'>
<tr><td colspan='4' align='center'><b>PASSED TESTS</b></td></tr>
<tr><td><b>Test method</b></td>
<td width="30%"><b>Exception</b></td>
<td width="10%"><b>Time (seconds)</b></td>
<td><b>Instance</b></td>
</tr>
<tr>
<td title='com.qa.testscript.TC_BusModule_001.BusModule()'><b>BusModule</b><br>Test class: com.qa.testscript.TC_BusModule_001<br>Parameters: Coimbatore, Chennai, 12-Oct-2021, Vadavalli, Anna Nagar, Lawley Road, Urapakkam, Female, Dharshiny Sundaresan, 21.0, test@gmail.com, 9.999988888E9</td>
<td></td>
<td>34</td>
<td>com.qa.testscript.TC_BusModule_001@55740540</td></tr>
<tr>
<td title='com.qa.testscript.TC_HotelsBookingModule_001.HotelsBooking()'><b>HotelsBooking</b><br>Test class: com.qa.testscript.TC_HotelsBookingModule_001<br>Parameters: Miss, Sai Alekhya, Chitturi, testing@gmail.com, 9.542695032E9, Hyderabad, 12-Nov-2021, 15-Nov-2021<br/>
<a href="#Output-798319935" onClick='toggleBox("Output-798319935", this, "Show output", "Hide output");'>Show output</a>

<a href="#Output-798319935" onClick="toggleAllBoxes();">Show all outputs</a>
<div class='log' id="Output-798319935">
India is selected<br/>
Hyderabad
City
1340 Hotels<br/>
Near Nampally Train Station, Hyderabad
Area
216 Hotels<br/>
Secunderabad, Hyderabad
Area
142 Hotels<br/>
Gachibowli, Hyderabad
Area
129 Hotels<br/>
Rajiv Gandhi Intl Airport ( HYD ), Hyderabad
Airport
533 Hotels<br/>
Hyderabad Biryani House, Ooty
Landmark
261 Hotels<br/>
CARE Hospitals - Banjara Hills, Hyderabad, Hyderabad
Landmark
328 Hotels<br/>
Hyderabad days, Hyderabad
Hotel<br/>
Hyderabad Marriott Hotel and Convention Centre, Hyderabad
Hotel
4.4 / 5<br/>
Pay At hotel is Clicked<br/>
Price Range Clicked<br/>
Clear is Clicked<br/>
Hotel Rainbow Tower Shamshabad Airport Zone<br/>
Blue Dawn Suites Service Appartment<br/>
OYO 69510 Hotel 3m<br/>
Aditya Hometel Hyderabad - A Sarovar Hotel<br/>
2832<br/>
2761<br/>
3650<br/>
3583<br/>
Room optionsis clicked<br/>
Amenities is clicked<br/>
Guestreview is clicked<br/>
hotelpolicies is clicked<br/>
User in the Booking Page/Payment Page<br/>
FirstName Input is Correctly Entered<br/>
LastName Input is entered Correctly<br/>
</div>
</td>
<td></td>
<td>130</td>
<td>com.qa.testscript.TC_HotelsBookingModule_001@2f54a33d</td></tr>
<tr>
<td title='com.qa.testscript.TC_TrainsModule_001.bookTrain()'><b>bookTrain</b><br>Test class: com.qa.testscript.TC_TrainsModule_001<br>Parameters: Coimbatore main, Bangalore city, CBE LTT SPL - 01014, Kavi, 23.0, 27B, Horizon's Apartment, 560067.0, 8.574965215E9, kavi@gmail.com, kavi12, S4<br/>
<a href="#Output-432112141" onClick='toggleBox("Output-432112141", this, "Show output", "Hide output");'>Show output</a>

<a href="#Output-432112141" onClick="toggleAllBoxes();">Show all outputs</a>
<div class='log' id="Output-432112141">
Navigated to Train category successfully.<br/>
Searched the train successfully.<br/>
Choosen the train successfully.<br/>
The payment page is displayed successfully.<br/>
</div>
</td>
<td></td>
<td>81</td>
<td>com.qa.testscript.TC_TrainsModule_001@60015ef5</td></tr>
<tr>
<td title='com.qa.testscript.TC_CabsModule_001.cabsTesting()'><b>cabsTesting</b><br>Test class: com.qa.testscript.TC_CabsModule_001<br>Parameters: Hyderabad, Banglore, Beeramguda, Vamshi, 1.234567891E9, test@gmail.com</td>
<td></td>
<td>54</td>
<td>com.qa.testscript.TC_CabsModule_001@1018bde2</td></tr>
</table><p>
</body>
</html>