<?xml version="1.0" encoding="UTF-8"?>
<!-- Generated by org.testng.reporters.JUnitXMLReporter -->
<testsuite ignored="0" hostname="Jarvis-Skynet" failures="1" tests="5" name="Functional Test" time="388.448" errors="0" timestamp="2021-09-22T17:44:04 IST">
  <testcase classname="com.qa.testscript.TC_BusModule_001" name="BusModule" time="34.799"/>
  <testcase classname="com.qa.testscript.TC_TrainsModule_001" name="bookTrain" time="81.978"/>
  <testcase classname="com.qa.testscript.TC_HotelsBookingModule_001" name="HotelsBooking" time="130.971"/>
  <testcase classname="com.qa.testscript.TC_CabsModule_001" name="cabsTesting" time="54.345"/>
  <testcase classname="com.qa.testscript.TC_FlightsModule_001" name="searchFlight" time="57.163">
    <failure type="org.openqa.selenium.NoSuchElementException" message="no such element: Unable to locate element: {&amp;quot;method&amp;quot;:&amp;quot;xpath&amp;quot;,&amp;quot;selector&amp;quot;:&amp;quot;//span[text()=&amp;apos;Vistara&amp;apos;]/preceding-sibling::span[@class=&amp;apos;alignItemsCenter dF padT5&amp;apos;]/parent::span[@class=&amp;apos;flexCol padL5&amp;apos;]/parent::div[@class=&amp;apos;dF justifyBetween flex1 alignItemsCenter&amp;apos;]&amp;quot;}
  (Session info: chrome=93.0.4577.82)
For documentation on this error, please visit: https://www.seleniumhq.org/exceptions/no_such_element.html
Build info: version: &amp;apos;3.141.59&amp;apos;, revision: &amp;apos;e82be7d358&amp;apos;, time: &amp;apos;2018-11-14T08:17:03&amp;apos;
System info: host: &amp;apos;JARVIS-SKYNET&amp;apos;, ip: &amp;apos;192.168.1.104&amp;apos;, os.name: &amp;apos;Windows 10&amp;apos;, os.arch: &amp;apos;amd64&amp;apos;, os.version: &amp;apos;10.0&amp;apos;, java.version: &amp;apos;16.0.2&amp;apos;
Driver info: org.openqa.selenium.chrome.ChromeDriver
Capabilities {acceptInsecureCerts: false, browserName: chrome, browserVersion: 93.0.4577.82, chrome: {chromedriverVersion: 93.0.4577.63 (ff5c0da2ec0ad..., userDataDir: C:\Users\CHITTURI\AppData\L...}, goog:chromeOptions: {debuggerAddress: localhost:52854}, javascriptEnabled: true, networkConnectionEnabled: false, pageLoadStrategy: normal, platform: WINDOWS, platformName: WINDOWS, proxy: Proxy(), setWindowRect: true, strictFileInteractability: false, timeouts: {implicit: 0, pageLoad: 300000, script: 30000}, unhandledPromptBehavior: dismiss and notify, webauthn:extension:credBlob: true, webauthn:extension:largeBlob: true, webauthn:virtualAuthenticators: true}
Session ID: 7e7825b8a8c9d18bdbe8438837ae272d
*** Element info: {Using=xpath, value=//span[text()=&amp;apos;Vistara&amp;apos;]/preceding-sibling::span[@class=&amp;apos;alignItemsCenter dF padT5&amp;apos;]/parent::span[@class=&amp;apos;flexCol padL5&amp;apos;]/parent::div[@class=&amp;apos;dF justifyBetween flex1 alignItemsCenter&amp;apos;]}">
      <![CDATA[org.openqa.selenium.NoSuchElementException: no such element: Unable to locate element: {"method":"xpath","selector":"//span[text()='Vistara']/preceding-sibling::span[@class='alignItemsCenter dF padT5']/parent::span[@class='flexCol padL5']/parent::div[@class='dF justifyBetween flex1 alignItemsCenter']"}
  (Session info: chrome=93.0.4577.82)
For documentation on this error, please visit: https://www.seleniumhq.org/exceptions/no_such_element.html
Build info: version: '3.141.59', revision: 'e82be7d358', time: '2018-11-14T08:17:03'
System info: host: 'JARVIS-SKYNET', ip: '192.168.1.104', os.name: 'Windows 10', os.arch: 'amd64', os.version: '10.0', java.version: '16.0.2'
Driver info: org.openqa.selenium.chrome.ChromeDriver
Capabilities {acceptInsecureCerts: false, browserName: chrome, browserVersion: 93.0.4577.82, chrome: {chromedriverVersion: 93.0.4577.63 (ff5c0da2ec0ad..., userDataDir: C:\Users\CHITTURI\AppData\L...}, goog:chromeOptions: {debuggerAddress: localhost:52854}, javascriptEnabled: true, networkConnectionEnabled: false, pageLoadStrategy: normal, platform: WINDOWS, platformName: WINDOWS, proxy: Proxy(), setWindowRect: true, strictFileInteractability: false, timeouts: {implicit: 0, pageLoad: 300000, script: 30000}, unhandledPromptBehavior: dismiss and notify, webauthn:extension:credBlob: true, webauthn:extension:largeBlob: true, webauthn:virtualAuthenticators: true}
Session ID: 7e7825b8a8c9d18bdbe8438837ae272d
*** Element info: {Using=xpath, value=//span[text()='Vistara']/preceding-sibling::span[@class='alignItemsCenter dF padT5']/parent::span[@class='flexCol padL5']/parent::div[@class='dF justifyBetween flex1 alignItemsCenter']}
at org.openqa.selenium.remote.http.W3CHttpResponseCodec.createException(W3CHttpResponseCodec.java:187)
at org.openqa.selenium.remote.http.W3CHttpResponseCodec.decode(W3CHttpResponseCodec.java:122)
at org.openqa.selenium.remote.http.W3CHttpResponseCodec.decode(W3CHttpResponseCodec.java:49)
at org.openqa.selenium.remote.HttpCommandExecutor.execute(HttpCommandExecutor.java:158)
at org.openqa.selenium.remote.service.DriverCommandExecutor.execute(DriverCommandExecutor.java:83)
at org.openqa.selenium.remote.RemoteWebDriver.execute(RemoteWebDriver.java:552)
at org.openqa.selenium.remote.RemoteWebDriver.findElement(RemoteWebDriver.java:323)
at org.openqa.selenium.remote.RemoteWebDriver.findElementByXPath(RemoteWebDriver.java:428)
at org.openqa.selenium.By$ByXPath.findElement(By.java:353)
at org.openqa.selenium.remote.RemoteWebDriver.findElement(RemoteWebDriver.java:315)
at org.openqa.selenium.support.pagefactory.DefaultElementLocator.findElement(DefaultElementLocator.java:69)
at org.openqa.selenium.support.pagefactory.internal.LocatingElementHandler.invoke(LocatingElementHandler.java:38)
at jdk.proxy2/jdk.proxy2.$Proxy11.isDisplayed(Unknown Source)
at com.qa.testscript.TC_FlightsModule_001.searchFlight(TC_FlightsModule_001.java:83)
at java.base/java.util.ArrayList.forEach(ArrayList.java:1511)
... Removed 36 stack frames]]>
    </failure>
  </testcase> <!-- searchFlight -->
</testsuite> <!-- Functional Test -->
