<?xml version="1.0" encoding="UTF-8"?>
<!-- Generated by org.testng.reporters.JUnitXMLReporter -->
<testsuite ignored="1" hostname="Jarvis-Skynet" failures="3" tests="13" name="Cabs Functional Test" time="212.087" errors="0" timestamp="2021-09-14T14:19:25 IST">
  <testcase classname="com.qa.testscript.TC_Cabs_001" name="cabsTesting" time="0.0">
    <failure type="org.testng.TestNGException" message="
Method public void com.qa.testscript.TC_Cabs_001.cabsTesting(java.lang.String,java.lang.String,java.lang.String,java.lang.String,java.lang.String,java.lang.String) throws java.lang.InterruptedException,java.io.IOException requires a @DataProvider named : excelData in class com.qa.utility.ExcelUtility">
      <![CDATA[org.testng.TestNGException: 
Method public void com.qa.testscript.TC_Cabs_001.cabsTesting(java.lang.String,java.lang.String,java.lang.String,java.lang.String,java.lang.String,java.lang.String) throws java.lang.InterruptedException,java.io.IOException requires a @DataProvider named : excelData in class com.qa.utility.ExcelUtility
at java.base/java.util.ArrayList.forEach(ArrayList.java:1511)
... Removed 24 stack frames]]>
    </failure>
  </testcase> <!-- cabsTesting -->
  <testcase classname="com.qa.testscript.TC_BusModule_001" name="NavigateToBus" time="0.0">
    <failure type="org.testng.TestNGException" message="
Method public void com.qa.testscript.TC_BusModule_001.NavigateToBus(java.lang.String,java.lang.String,java.lang.String,java.lang.String,java.lang.String,java.lang.String,java.lang.String,java.lang.String,java.lang.String) throws java.io.IOException,java.lang.InterruptedException requires a @DataProvider named : excelData in class com.qa.utility.ExcelUtility">
      <![CDATA[org.testng.TestNGException: 
Method public void com.qa.testscript.TC_BusModule_001.NavigateToBus(java.lang.String,java.lang.String,java.lang.String,java.lang.String,java.lang.String,java.lang.String,java.lang.String,java.lang.String,java.lang.String) throws java.io.IOException,java.lang.InterruptedException requires a @DataProvider named : excelData in class com.qa.utility.ExcelUtility
at java.base/java.util.ArrayList.forEach(ArrayList.java:1511)
... Removed 24 stack frames]]>
    </failure>
  </testcase> <!-- NavigateToBus -->
  <testcase classname="com.qa.testscript.TC_BusModule_001" name="SearchBus" time="0.001">
    <skipped/>
  </testcase> <!-- SearchBus -->
  <testcase classname="com.qa.testscript.TC_BusModule_001" name="AddFilters" time="0.0">
    <skipped/>
  </testcase> <!-- AddFilters -->
  <testcase classname="com.qa.testscript.TC_BusModule_001" name="SelectSeat" time="0.0">
    <skipped/>
  </testcase> <!-- SelectSeat -->
  <testcase classname="com.qa.testscript.TC_BusModule_001" name="ReviewDetails" time="0.0">
    <skipped/>
  </testcase> <!-- ReviewDetails -->
  <testcase classname="com.qa.testscript.TC_TrainModule_001" name="searchTrain" time="28.213"/>
  <testcase classname="com.qa.testscript.TC_TrainModule_001" name="chooseTrain" time="6.07"/>
  <testcase classname="com.qa.testscript.TC_TrainModule_001" name="enterDetails" time="38.028"/>
  <testcase classname="com.qa.testscript.TC_HotelsBooking_001" name="HotelsSelecting" time="5.509"/>
  <testcase classname="com.qa.testscript.TC_HotelsBooking_001" name="HotelsSearching" time="32.993"/>
  <testcase classname="com.qa.testscript.TC_HotelsBooking_001" name="HotelsSelectingFilters" time="16.309">
    <failure type="org.openqa.selenium.ElementClickInterceptedException" message="element click intercepted: Element &amp;lt;span class=&amp;quot;Filtersstyles__ClearTextSpan-sc-bkjigy-2 iGvKPE&amp;quot;&amp;gt;...&amp;lt;/span&amp;gt; is not clickable at point (364, 7). Other element would receive the click: &amp;lt;div class=&amp;quot;dwebCommonstyles__CenteredSpaceWrap-sc-112ty3f-0 SearchWidgetUIstyles__WrapperStyle-sc-1pb2jm7-1 eHRHNU bPjPlU&amp;quot;&amp;gt;...&amp;lt;/div&amp;gt;
  (Session info: chrome=93.0.4577.63)
Build info: version: &amp;apos;3.141.59&amp;apos;, revision: &amp;apos;e82be7d358&amp;apos;, time: &amp;apos;2018-11-14T08:17:03&amp;apos;
System info: host: &amp;apos;JARVIS-SKYNET&amp;apos;, ip: &amp;apos;192.168.1.104&amp;apos;, os.name: &amp;apos;Windows 10&amp;apos;, os.arch: &amp;apos;amd64&amp;apos;, os.version: &amp;apos;10.0&amp;apos;, java.version: &amp;apos;16.0.2&amp;apos;
Driver info: org.openqa.selenium.chrome.ChromeDriver
Capabilities {acceptInsecureCerts: false, browserName: chrome, browserVersion: 93.0.4577.63, chrome: {chromedriverVersion: 93.0.4577.63 (ff5c0da2ec0ad..., userDataDir: C:\Users\CHITTURI\AppData\L...}, goog:chromeOptions: {debuggerAddress: localhost:53101}, javascriptEnabled: true, networkConnectionEnabled: false, pageLoadStrategy: normal, platform: WINDOWS, platformName: WINDOWS, proxy: Proxy(), setWindowRect: true, strictFileInteractability: false, timeouts: {implicit: 0, pageLoad: 300000, script: 30000}, unhandledPromptBehavior: dismiss and notify, webauthn:extension:credBlob: true, webauthn:extension:largeBlob: true, webauthn:virtualAuthenticators: true}
Session ID: c6bb68689a397502eb4b21a0f3671c49">
      <![CDATA[org.openqa.selenium.ElementClickInterceptedException: element click intercepted: Element <span class="Filtersstyles__ClearTextSpan-sc-bkjigy-2 iGvKPE">...</span> is not clickable at point (364, 7). Other element would receive the click: <div class="dwebCommonstyles__CenteredSpaceWrap-sc-112ty3f-0 SearchWidgetUIstyles__WrapperStyle-sc-1pb2jm7-1 eHRHNU bPjPlU">...</div>
  (Session info: chrome=93.0.4577.63)
Build info: version: '3.141.59', revision: 'e82be7d358', time: '2018-11-14T08:17:03'
System info: host: 'JARVIS-SKYNET', ip: '192.168.1.104', os.name: 'Windows 10', os.arch: 'amd64', os.version: '10.0', java.version: '16.0.2'
Driver info: org.openqa.selenium.chrome.ChromeDriver
Capabilities {acceptInsecureCerts: false, browserName: chrome, browserVersion: 93.0.4577.63, chrome: {chromedriverVersion: 93.0.4577.63 (ff5c0da2ec0ad..., userDataDir: C:\Users\CHITTURI\AppData\L...}, goog:chromeOptions: {debuggerAddress: localhost:53101}, javascriptEnabled: true, networkConnectionEnabled: false, pageLoadStrategy: normal, platform: WINDOWS, platformName: WINDOWS, proxy: Proxy(), setWindowRect: true, strictFileInteractability: false, timeouts: {implicit: 0, pageLoad: 300000, script: 30000}, unhandledPromptBehavior: dismiss and notify, webauthn:extension:credBlob: true, webauthn:extension:largeBlob: true, webauthn:virtualAuthenticators: true}
Session ID: c6bb68689a397502eb4b21a0f3671c49
at org.openqa.selenium.remote.http.W3CHttpResponseCodec.createException(W3CHttpResponseCodec.java:187)
at org.openqa.selenium.remote.http.W3CHttpResponseCodec.decode(W3CHttpResponseCodec.java:122)
at org.openqa.selenium.remote.http.W3CHttpResponseCodec.decode(W3CHttpResponseCodec.java:49)
at org.openqa.selenium.remote.HttpCommandExecutor.execute(HttpCommandExecutor.java:158)
at org.openqa.selenium.remote.service.DriverCommandExecutor.execute(DriverCommandExecutor.java:83)
at org.openqa.selenium.remote.RemoteWebDriver.execute(RemoteWebDriver.java:552)
at org.openqa.selenium.remote.RemoteWebElement.execute(RemoteWebElement.java:285)
at org.openqa.selenium.remote.RemoteWebElement.click(RemoteWebElement.java:84)
at org.openqa.selenium.support.pagefactory.internal.LocatingElementHandler.invoke(LocatingElementHandler.java:51)
at jdk.proxy2/jdk.proxy2.$Proxy14.click(Unknown Source)
at com.qa.testscript.TC_HotelsBooking_001.HotelsSelectingFilters(TC_HotelsBooking_001.java:84)
at java.base/java.util.ArrayList.forEach(ArrayList.java:1511)
... Removed 36 stack frames]]>
    </failure>
  </testcase> <!-- HotelsSelectingFilters -->
  <testcase classname="com.qa.testscript.TC_HotelsBooking_001" name="HotelSelection" time="64.898"/>
  <testcase classname="com.qa.testscript.TC_BusModule_001" name="PaymentWindow" time="0.0">
    <ignored/>
  </testcase> <!-- PaymentWindow -->
</testsuite> <!-- Cabs Functional Test -->
