<?xml version="1.0" encoding="UTF-8"?>
<!-- Generated by org.testng.reporters.JUnitXMLReporter -->
<testsuite ignored="0" hostname="Jarvis-Skynet" failures="1" tests="1" name="Functional Test" time="19.877" errors="0" timestamp="2021-09-20T13:12:15 IST">
  <testcase classname="com.qa.testscript.TC_Cabs_001" name="cabsTesting" time="10.084">
    <failure type="java.lang.AssertionError" message="expected [false] but found [true]">
      <![CDATA[java.lang.AssertionError: expected [false] but found [true]
at com.qa.testscript.TC_Cabs_001.cabsTesting(TC_Cabs_001.java:40)
at java.base/java.util.ArrayList.forEach(ArrayList.java:1511)
... Removed 31 stack frames]]>
    </failure>
  </testcase> <!-- cabsTesting -->
</testsuite> <!-- Functional Test -->
